This file contains any messages produced by compilers while
running configure, to aid debugging if configure makes a mistake.

It was created by configure, which was
generated by GNU Autoconf 2.68.  Invocation command line was

  $ ./configure --disable-threads --disable-shared --no-create --no-recursion

## --------- ##
## Platform. ##
## --------- ##

hostname = davidt.scs.stanford.edu
uname -m = x86_64
uname -r = 3.0.0-17-generic
uname -s = Linux
uname -v = #30-Ubuntu SMP Thu Mar 8 20:45:39 UTC 2012

/usr/bin/uname -p = unknown
/bin/uname -X     = unknown

/bin/arch              = unknown
/usr/bin/arch -k       = unknown
/usr/convex/getsysinfo = unknown
/usr/bin/hostinfo      = unknown
/bin/machine           = unknown
/usr/bin/oslevel       = unknown
/bin/universe          = unknown

PATH: /home/davidt/bin
PATH: /home/davidt/.scripts
PATH: /home/davidt/.gvm/bin
PATH: /home/davidt/.cabal/bin
PATH: /home/davidt/bin
PATH: /home/davidt/.scripts
PATH: /home/davidt/.gvm/bin
PATH: /home/davidt/.cabal/bin
PATH: /home/davidt/bin
PATH: /home/davidt/.scripts
PATH: /home/davidt/.gvm/bin
PATH: /home/davidt/.cabal/bin
PATH: /home/davidt/bin
PATH: /home/davidt/.scripts
PATH: /home/davidt/.gvm/bin
PATH: /home/davidt/.rvm/gems/ruby-1.9.2-p290/bin
PATH: /home/davidt/.rvm/gems/ruby-1.9.2-p290@global/bin
PATH: /home/davidt/.rvm/rubies/ruby-1.9.2-p290/bin
PATH: /home/davidt/.rvm/bin
PATH: /home/davidt/.cabal/bin
PATH: /usr/lib/lightdm/lightdm
PATH: /usr/local/sbin
PATH: /usr/local/bin
PATH: /usr/sbin
PATH: /usr/bin
PATH: /sbin
PATH: /bin
PATH: /usr/games


## ----------- ##
## Core tests. ##
## ----------- ##

configure:2268: checking for gcc
configure:2284: found /usr/bin/gcc
configure:2295: result: gcc
configure:2524: checking for C compiler version
configure:2533: gcc --version >&5
gcc (Ubuntu/Linaro 4.6.1-9ubuntu3) 4.6.1
Copyright (C) 2011 Free Software Foundation, Inc.
This is free software; see the source for copying conditions.  There is NO
warranty; not even for MERCHANTABILITY or FITNESS FOR A PARTICULAR PURPOSE.

configure:2544: $? = 0
configure:2533: gcc -v >&5
Using built-in specs.
COLLECT_GCC=gcc
COLLECT_LTO_WRAPPER=/usr/lib/gcc/x86_64-linux-gnu/4.6.1/lto-wrapper
Target: x86_64-linux-gnu
Configured with: ../src/configure -v --with-pkgversion='Ubuntu/Linaro 4.6.1-9ubuntu3' --with-bugurl=file:///usr/share/doc/gcc-4.6/README.Bugs --enable-languages=c,c++,fortran,objc,obj-c++,go --prefix=/usr --program-suffix=-4.6 --enable-shared --enable-linker-build-id --with-system-zlib --libexecdir=/usr/lib --without-included-gettext --enable-threads=posix --with-gxx-include-dir=/usr/include/c++/4.6 --libdir=/usr/lib --enable-nls --with-sysroot=/ --enable-clocale=gnu --enable-libstdcxx-debug --enable-libstdcxx-time=yes --enable-plugin --enable-objc-gc --disable-werror --with-arch-32=i686 --with-tune=generic --enable-checking=release --build=x86_64-linux-gnu --host=x86_64-linux-gnu --target=x86_64-linux-gnu
Thread model: posix
gcc version 4.6.1 (Ubuntu/Linaro 4.6.1-9ubuntu3) 
configure:2544: $? = 0
configure:2533: gcc -V >&5
gcc: error: unrecognized option '-V'
gcc: fatal error: no input files
compilation terminated.
configure:2544: $? = 4
configure:2533: gcc -qversion >&5
gcc: error: unrecognized option '-qversion'
gcc: fatal error: no input files
compilation terminated.
configure:2544: $? = 4
configure:2564: checking whether the C compiler works
configure:2586: gcc    conftest.c  >&5
configure:2590: $? = 0
configure:2638: result: yes
configure:2641: checking for C compiler default output file name
configure:2643: result: a.out
configure:2649: checking for suffix of executables
configure:2656: gcc -o conftest    conftest.c  >&5
configure:2660: $? = 0
configure:2682: result: 
configure:2704: checking whether we are cross compiling
configure:2712: gcc -o conftest    conftest.c  >&5
configure:2716: $? = 0
configure:2723: ./conftest
configure:2727: $? = 0
configure:2742: result: no
configure:2747: checking for suffix of object files
configure:2769: gcc -c   conftest.c >&5
configure:2773: $? = 0
configure:2794: result: o
configure:2798: checking whether we are using the GNU C compiler
configure:2817: gcc -c   conftest.c >&5
configure:2817: $? = 0
configure:2826: result: yes
configure:2835: checking whether gcc accepts -g
configure:2855: gcc -c -g  conftest.c >&5
configure:2855: $? = 0
configure:2896: result: yes
configure:2913: checking for gcc option to accept ISO C89
configure:2977: gcc  -c   conftest.c >&5
configure:2977: $? = 0
configure:2990: result: none needed
configure:3068: checking for g++
configure:3084: found /usr/bin/g++
configure:3095: result: g++
configure:3122: checking for C++ compiler version
configure:3131: g++ --version >&5
g++ (Ubuntu/Linaro 4.6.1-9ubuntu3) 4.6.1
Copyright (C) 2011 Free Software Foundation, Inc.
This is free software; see the source for copying conditions.  There is NO
warranty; not even for MERCHANTABILITY or FITNESS FOR A PARTICULAR PURPOSE.

configure:3142: $? = 0
configure:3131: g++ -v >&5
Using built-in specs.
COLLECT_GCC=g++
COLLECT_LTO_WRAPPER=/usr/lib/gcc/x86_64-linux-gnu/4.6.1/lto-wrapper
Target: x86_64-linux-gnu
Configured with: ../src/configure -v --with-pkgversion='Ubuntu/Linaro 4.6.1-9ubuntu3' --with-bugurl=file:///usr/share/doc/gcc-4.6/README.Bugs --enable-languages=c,c++,fortran,objc,obj-c++,go --prefix=/usr --program-suffix=-4.6 --enable-shared --enable-linker-build-id --with-system-zlib --libexecdir=/usr/lib --without-included-gettext --enable-threads=posix --with-gxx-include-dir=/usr/include/c++/4.6 --libdir=/usr/lib --enable-nls --with-sysroot=/ --enable-clocale=gnu --enable-libstdcxx-debug --enable-libstdcxx-time=yes --enable-plugin --enable-objc-gc --disable-werror --with-arch-32=i686 --with-tune=generic --enable-checking=release --build=x86_64-linux-gnu --host=x86_64-linux-gnu --target=x86_64-linux-gnu
Thread model: posix
gcc version 4.6.1 (Ubuntu/Linaro 4.6.1-9ubuntu3) 
configure:3142: $? = 0
configure:3131: g++ -V >&5
g++: error: unrecognized option '-V'
g++: fatal error: no input files
compilation terminated.
configure:3142: $? = 4
configure:3131: g++ -qversion >&5
g++: error: unrecognized option '-qversion'
g++: fatal error: no input files
compilation terminated.
configure:3142: $? = 4
configure:3146: checking whether we are using the GNU C++ compiler
configure:3165: g++ -c   conftest.cpp >&5
configure:3165: $? = 0
configure:3174: result: yes
configure:3183: checking whether g++ accepts -g
configure:3203: g++ -c -g  conftest.cpp >&5
configure:3203: $? = 0
configure:3244: result: yes
configure:3310: checking for a BSD-compatible install
configure:3378: result: /usr/bin/install -c
configure:3436: checking for ranlib
configure:3452: found /usr/bin/ranlib
configure:3463: result: ranlib
configure:3487: checking for ar
configure:3505: found /usr/bin/ar
configure:3517: result: /usr/bin/ar
configure:3527: checking for cp
configure:3545: found /bin/cp
configure:3557: result: /bin/cp
configure:3567: checking for ln
configure:3585: found /bin/ln
configure:3597: result: /bin/ln
configure:3607: checking for mkdir
configure:3625: found /bin/mkdir
configure:3637: result: /bin/mkdir
configure:3647: checking for rm
configure:3665: found /bin/rm
configure:3677: result: /bin/rm
configure:3698: checking for inline
configure:3714: gcc -c   conftest.c >&5
configure:3714: $? = 0
configure:3722: result: inline
configure:3744: checking for strdup
configure:3744: gcc -o conftest    conftest.c  >&5
conftest.c:33:6: warning: conflicting types for built-in function 'strdup' [enabled by default]
configure:3744: $? = 0
configure:3744: result: yes
configure:3759: checking for snprintf
configure:3759: gcc -o conftest    conftest.c  >&5
conftest.c:34:6: warning: conflicting types for built-in function 'snprintf' [enabled by default]
configure:3759: $? = 0
configure:3759: result: yes
configure:3759: checking for vsnprintf
configure:3759: gcc -o conftest    conftest.c  >&5
conftest.c:35:6: warning: conflicting types for built-in function 'vsnprintf' [enabled by default]
configure:3759: $? = 0
configure:3759: result: yes
configure:3770: checking for long long int
configure:3797: result: yes
configure:4559: creating ./config.status

## ---------------- ##
## Cache variables. ##
## ---------------- ##

ac_cv_c_compiler_gnu=yes
ac_cv_c_inline=inline
ac_cv_c_long_long=yes
ac_cv_cxx_compiler_gnu=yes
ac_cv_env_CCC_set=
ac_cv_env_CCC_value=
ac_cv_env_CC_set=
ac_cv_env_CC_value=
ac_cv_env_CFLAGS_set=
ac_cv_env_CFLAGS_value=
ac_cv_env_CPPFLAGS_set=
ac_cv_env_CPPFLAGS_value=
ac_cv_env_CPP_set=
ac_cv_env_CPP_value=
ac_cv_env_CXXFLAGS_set=
ac_cv_env_CXXFLAGS_value=
ac_cv_env_CXX_set=
ac_cv_env_CXX_value=
ac_cv_env_LDFLAGS_set=
ac_cv_env_LDFLAGS_value=
ac_cv_env_LIBS_set=
ac_cv_env_LIBS_value=
ac_cv_env_build_alias_set=
ac_cv_env_build_alias_value=
ac_cv_env_host_alias_set=
ac_cv_env_host_alias_value=
ac_cv_env_target_alias_set=
ac_cv_env_target_alias_value=
ac_cv_func_snprintf=yes
ac_cv_func_strdup=yes
ac_cv_func_vsnprintf=yes
ac_cv_objext=o
ac_cv_path_AR=/usr/bin/ar
ac_cv_path_CP=/bin/cp
ac_cv_path_LN=/bin/ln
ac_cv_path_MKDIR=/bin/mkdir
ac_cv_path_RM=/bin/rm
ac_cv_path_install='/usr/bin/install -c'
ac_cv_prog_ac_ct_CC=gcc
ac_cv_prog_ac_ct_CXX=g++
ac_cv_prog_ac_ct_RANLIB=ranlib
ac_cv_prog_cc_c89=
ac_cv_prog_cc_g=yes
ac_cv_prog_cxx_g=yes

## ----------------- ##
## Output variables. ##
## ----------------- ##

AR='/usr/bin/ar'
ARCHFLAGS=''
ARFLAGS='crvs'
CC='gcc'
CFLAGS='-Wall '
CP='/bin/cp'
CPP=''
CPPFLAGS=''
CXX='g++'
CXXFLAGS=''
DEFS='-DHAVE_CONFIG_H'
DSO=':'
DSOFLAGS=''
ECHO_C=''
ECHO_N='-n'
ECHO_T=''
EGREP=''
EXEEXT=''
GREP=''
INSTALL_DATA='${INSTALL} -m 644'
INSTALL_PROGRAM='${INSTALL}'
INSTALL_SCRIPT='${INSTALL}'
LDFLAGS=''
LIBMXML='libmxml.a'
LIBOBJS=''
LIBS=''
LN='/bin/ln'
LTLIBOBJS=''
MKDIR='/bin/mkdir'
OBJEXT='o'
OPTIM='-Os -g'
PACKAGE_BUGREPORT=''
PACKAGE_NAME=''
PACKAGE_STRING=''
PACKAGE_TARNAME=''
PACKAGE_URL=''
PACKAGE_VERSION=''
PATH_SEPARATOR=':'
PC_CFLAGS='-I${prefix}/include'
PC_LIBS='-L${exec_prefix}/lib -lmxml'
PICFLAG='0'
PTHREAD_FLAGS=''
PTHREAD_LIBS=''
RANLIB='ranlib'
RM='/bin/rm'
SHELL='/bin/bash'
VERSION='2.7'
ac_ct_CC='gcc'
ac_ct_CXX='g++'
bindir='${exec_prefix}/bin'
build_alias=''
datadir='${datarootdir}'
datarootdir='${prefix}/share'
docdir='${datarootdir}/doc/mxml'
dvidir='${docdir}'
exec_prefix='/usr/local'
host_alias=''
htmldir='${docdir}'
includedir='${prefix}/include'
infodir='${datarootdir}/info'
libdir='${exec_prefix}/lib'
libexecdir='${exec_prefix}/libexec'
localedir='${datarootdir}/locale'
localstatedir='${prefix}/var'
mandir='${datarootdir}/man'
oldincludedir='/usr/include'
pdfdir='${docdir}'
prefix='/usr/local'
program_transform_name='s,x,x,'
psdir='${docdir}'
sbindir='${exec_prefix}/sbin'
sharedstatedir='${prefix}/com'
sysconfdir='${prefix}/etc'
target_alias=''

## ----------- ##
## confdefs.h. ##
## ----------- ##

/* confdefs.h */
#define PACKAGE_NAME ""
#define PACKAGE_TARNAME ""
#define PACKAGE_VERSION ""
#define PACKAGE_STRING ""
#define PACKAGE_BUGREPORT ""
#define PACKAGE_URL ""
#define MXML_VERSION "Mini-XML v2.7"
#define HAVE_STRDUP 1
#define HAVE_SNPRINTF 1
#define HAVE_VSNPRINTF 1
#define HAVE_LONG_LONG 1

configure: exit 0

## ---------------------- ##
## Running config.status. ##
## ---------------------- ##

This file was extended by config.status, which was
generated by GNU Autoconf 2.68.  Invocation command line was

  CONFIG_FILES    = 
  CONFIG_HEADERS  = 
  CONFIG_LINKS    = 
  CONFIG_COMMANDS = 
  $ ./config.status 

on davidt.scs.stanford.edu

config.status:831: creating Makefile
config.status:831: creating mxml.list
config.status:831: creating mxml.pc
config.status:831: creating config.h
config.status:1006: config.h is unchanged
